# JRE version: OpenJDK Runtime Environment (17.0.7) (build 17.0.7+0-b2043.56-10550314)
# Java VM: OpenJDK 64-Bit Server VM (17.0.7+0-b2043.56-10550314, mixed mode, tiered, compressed oops, compressed class ptrs, g1 gc, windows-amd64)
GC Precious Log:
 CPUs: 8 total, 8 available
 Memory: 16080M
 Large Page Support: Disabled
 NUMA Support: Disabled
 Compressed Oops: Enabled (Zero based)
 Heap Region Size: 2M
 Heap Min Capacity: 8M
 Heap Initial Capacity: 252M
 Heap Max Capacity: 4022M
 Pre-touch: Disabled
 Parallel Workers: 8
 Concurrent Workers: 2
 Concurrent Refinement Workers: 8
 Periodic GC: Disabled
Heap:
 garbage-first heap   total 112640K, used 67192K [0x0000000704a00000, 0x0000000800000000)
  region size 2048K, 2 young (4096K), 2 survivors (4096K)
 Metaspace       used 76745K, committed 77120K, reserved 1179648K
  class space    used 8894K, committed 9088K, reserved 1048576K
GC Heap History (20 events):
Event: 6.809 GC heap after
{Heap after GC invocations=14 (full 0):
 garbage-first heap   total 75776K, used 34996K [0x0000000704a00000, 0x0000000800000000)
  region size 2048K, 1 young (2048K), 1 survivors (2048K)
 Metaspace       used 52490K, committed 52736K, reserved 1114112K
  class space    used 6291K, committed 6400K, reserved 1048576K
}
Event: 7.324 GC heap before
{Heap before GC invocations=14 (full 0):
 garbage-first heap   total 75776K, used 55476K [0x0000000704a00000, 0x0000000800000000)
  region size 2048K, 11 young (22528K), 1 survivors (2048K)
 Metaspace       used 53506K, committed 53760K, reserved 1114112K
  class space    used 6390K, committed 6464K, reserved 1048576K
}
Event: 7.341 GC heap after
{Heap after GC invocations=15 (full 0):
 garbage-first heap   total 75776K, used 37475K [0x0000000704a00000, 0x0000000800000000)
  region size 2048K, 2 young (4096K), 2 survivors (4096K)
 Metaspace       used 53506K, committed 53760K, reserved 1114112K
  class space    used 6390K, committed 6464K, reserved 1048576K
}
Event: 7.996 GC heap before
{Heap before GC invocations=16 (full 0):
 garbage-first heap   total 75776K, used 55907K [0x0000000704a00000, 0x0000000800000000)
  region size 2048K, 12 young (24576K), 2 survivors (4096K)
 Metaspace       used 55168K, committed 55360K, reserved 1114112K
  class space    used 6590K, committed 6656K, reserved 1048576K
}
Event: 8.015 GC heap after
{Heap after GC invocations=17 (full 0):
 garbage-first heap   total 75776K, used 39929K [0x0000000704a00000, 0x0000000800000000)
  region size 2048K, 2 young (4096K), 2 survivors (4096K)
 Metaspace       used 55168K, committed 55360K, reserved 1114112K
  class space    used 6590K, committed 6656K, reserved 1048576K
}
Event: 8.193 GC heap before
{Heap before GC invocations=17 (full 0):
 garbage-first heap   total 75776K, used 56313K [0x0000000704a00000, 0x0000000800000000)
  region size 2048K, 10 young (20480K), 2 survivors (4096K)
 Metaspace       used 55400K, committed 55680K, reserved 1114112K
  class space    used 6603K, committed 6720K, reserved 1048576K
}
Event: 8.206 GC heap after
{Heap after GC invocations=18 (full 0):
 garbage-first heap   total 104448K, used 42495K [0x0000000704a00000, 0x0000000800000000)
  region size 2048K, 2 young (4096K), 2 survivors (4096K)
 Metaspace       used 55400K, committed 55680K, reserved 1114112K
  class space    used 6603K, committed 6720K, reserved 1048576K
}
Event: 9.239 GC heap before
{Heap before GC invocations=19 (full 0):
 garbage-first heap   total 104448K, used 73215K [0x0000000704a00000, 0x0000000800000000)
  region size 2048K, 18 young (36864K), 2 survivors (4096K)
 Metaspace       used 57389K, committed 57664K, reserved 1114112K
  class space    used 6794K, committed 6912K, reserved 1048576K
}
Event: 9.255 GC heap after
{Heap after GC invocations=20 (full 0):
 garbage-first heap   total 104448K, used 47726K [0x0000000704a00000, 0x0000000800000000)
  region size 2048K, 3 young (6144K), 3 survivors (6144K)
 Metaspace       used 57389K, committed 57664K, reserved 1114112K
  class space    used 6794K, committed 6912K, reserved 1048576K
}
Event: 10.090 GC heap before
{Heap before GC invocations=20 (full 0):
 garbage-first heap   total 104448K, used 76398K [0x0000000704a00000, 0x0000000800000000)
  region size 2048K, 17 young (34816K), 3 survivors (6144K)
 Metaspace       used 60186K, committed 60480K, reserved 1114112K
  class space    used 7092K, committed 7232K, reserved 1048576K
}
Event: 10.116 GC heap after
{Heap after GC invocations=21 (full 0):
 garbage-first heap   total 104448K, used 51833K [0x0000000704a00000, 0x0000000800000000)
  region size 2048K, 2 young (4096K), 2 survivors (4096K)
 Metaspace       used 60186K, committed 60480K, reserved 1114112K
  class space    used 7092K, committed 7232K, reserved 1048576K
}
Event: 10.966 GC heap before
{Heap before GC invocations=21 (full 0):
 garbage-first heap   total 104448K, used 78457K [0x0000000704a00000, 0x0000000800000000)
  region size 2048K, 15 young (30720K), 2 survivors (4096K)
 Metaspace       used 65273K, committed 65600K, reserved 1114112K
  class space    used 7601K, committed 7744K, reserved 1048576K
}
Event: 10.986 GC heap after
{Heap after GC invocations=22 (full 0):
 garbage-first heap   total 104448K, used 54493K [0x0000000704a00000, 0x0000000800000000)
  region size 2048K, 2 young (4096K), 2 survivors (4096K)
 Metaspace       used 65273K, committed 65600K, reserved 1114112K
  class space    used 7601K, committed 7744K, reserved 1048576K
}
Event: 11.594 GC heap before
{Heap before GC invocations=23 (full 0):
 garbage-first heap   total 104448K, used 77021K [0x0000000704a00000, 0x0000000800000000)
  region size 2048K, 14 young (28672K), 2 survivors (4096K)
 Metaspace       used 67341K, committed 67648K, reserved 1114112K
  class space    used 7857K, committed 8000K, reserved 1048576K
}
Event: 11.613 GC heap after
{Heap after GC invocations=24 (full 0):
 garbage-first heap   total 104448K, used 58254K [0x0000000704a00000, 0x0000000800000000)
  region size 2048K, 2 young (4096K), 2 survivors (4096K)
 Metaspace       used 67341K, committed 67648K, reserved 1114112K
  class space    used 7857K, committed 8000K, reserved 1048576K
}
Event: 12.277 GC heap before
{Heap before GC invocations=24 (full 0):
 garbage-first heap   total 104448K, used 80782K [0x0000000704a00000, 0x0000000800000000)
  region size 2048K, 13 young (26624K), 2 survivors (4096K)
 Metaspace       used 68444K, committed 68800K, reserved 1114112K
  class space    used 7966K, committed 8128K, reserved 1048576K
}
Event: 12.304 GC heap after
{Heap after GC invocations=25 (full 0):
 garbage-first heap   total 104448K, used 62285K [0x0000000704a00000, 0x0000000800000000)
  region size 2048K, 2 young (4096K), 2 survivors (4096K)
 Metaspace       used 68444K, committed 68800K, reserved 1114112K
  class space    used 7966K, committed 8128K, reserved 1048576K
}
Event: 12.871 GC heap before
{Heap before GC invocations=26 (full 0):
 garbage-first heap   total 112640K, used 78669K [0x0000000704a00000, 0x0000000800000000)
  region size 2048K, 11 young (22528K), 2 survivors (4096K)
 Metaspace       used 72496K, committed 72832K, reserved 1114112K
  class space    used 8426K, committed 8576K, reserved 1048576K
}
Event: 12.891 GC heap after
{Heap after GC invocations=27 (full 0):
 garbage-first heap   total 112640K, used 64221K [0x0000000704a00000, 0x0000000800000000)
  region size 2048K, 1 young (2048K), 1 survivors (2048K)
 Metaspace       used 72496K, committed 72832K, reserved 1114112K
  class space    used 8426K, committed 8576K, reserved 1048576K
}
Event: 13.432 GC heap before
{Heap before GC invocations=27 (full 0):
 garbage-first heap   total 112640K, used 86749K [0x0000000704a00000, 0x0000000800000000)
  region size 2048K, 13 young (26624K), 1 survivors (2048K)
 Metaspace       used 76745K, committed 77120K, reserved 1179648K
  class space    used 8894K, committed 9088K, reserved 1048576K
}

