# JRE version: OpenJDK Runtime Environment (17.0.7) (build 17.0.7+0-b2043.56-10550314)
# Java VM: OpenJDK 64-Bit Server VM (17.0.7+0-b2043.56-10550314, mixed mode, tiered, compressed oops, compressed class ptrs, g1 gc, windows-amd64)
GC Precious Log:
 CPUs: 8 total, 8 available
 Memory: 16080M
 Large Page Support: Disabled
 NUMA Support: Disabled
 Compressed Oops: Enabled (32-bit)
 Heap Region Size: 1M
 Heap Min Capacity: 8M
 Heap Initial Capacity: 252M
 Heap Max Capacity: 2G
 Pre-touch: Disabled
 Parallel Workers: 8
 Concurrent Workers: 2
 Concurrent Refinement Workers: 8
 Periodic GC: Disabled
Heap:
 garbage-first heap   total 423936K, used 266674K [0x0000000080000000, 0x0000000100000000)
  region size 1024K, 11 young (11264K), 11 survivors (11264K)
 Metaspace       used 111960K, committed 112704K, reserved 1179648K
  class space    used 15276K, committed 15680K, reserved 1048576K
GC Heap History (20 events):
Event: 16.177 GC heap after
{Heap after GC invocations=40 (full 0):
 garbage-first heap   total 280576K, used 89661K [0x0000000080000000, 0x0000000100000000)
  region size 1024K, 7 young (7168K), 7 survivors (7168K)
 Metaspace       used 91058K, committed 91648K, reserved 1179648K
  class space    used 12529K, committed 12800K, reserved 1048576K
}
Event: 18.370 GC heap before
{Heap before GC invocations=40 (full 0):
 garbage-first heap   total 280576K, used 223805K [0x0000000080000000, 0x0000000100000000)
  region size 1024K, 139 young (142336K), 7 survivors (7168K)
 Metaspace       used 98294K, committed 98944K, reserved 1179648K
  class space    used 13509K, committed 13824K, reserved 1048576K
}
Event: 18.396 GC heap after
{Heap after GC invocations=41 (full 0):
 garbage-first heap   total 280576K, used 103110K [0x0000000080000000, 0x0000000100000000)
  region size 1024K, 18 young (18432K), 18 survivors (18432K)
 Metaspace       used 98294K, committed 98944K, reserved 1179648K
  class space    used 13509K, committed 13824K, reserved 1048576K
}
Event: 20.738 GC heap before
{Heap before GC invocations=41 (full 0):
 garbage-first heap   total 280576K, used 225990K [0x0000000080000000, 0x0000000100000000)
  region size 1024K, 134 young (137216K), 18 survivors (18432K)
 Metaspace       used 102172K, committed 102912K, reserved 1179648K
  class space    used 13992K, committed 14400K, reserved 1048576K
}
Event: 20.773 GC heap after
{Heap after GC invocations=42 (full 0):
 garbage-first heap   total 280576K, used 117100K [0x0000000080000000, 0x0000000100000000)
  region size 1024K, 14 young (14336K), 14 survivors (14336K)
 Metaspace       used 102172K, committed 102912K, reserved 1179648K
  class space    used 13992K, committed 14400K, reserved 1048576K
}
Event: 22.502 GC heap before
{Heap before GC invocations=42 (full 0):
 garbage-first heap   total 280576K, used 221548K [0x0000000080000000, 0x0000000100000000)
  region size 1024K, 117 young (119808K), 14 survivors (14336K)
 Metaspace       used 106012K, committed 106752K, reserved 1179648K
  class space    used 14467K, committed 14848K, reserved 1048576K
}
Event: 22.529 GC heap after
{Heap after GC invocations=43 (full 0):
 garbage-first heap   total 280576K, used 123186K [0x0000000080000000, 0x0000000100000000)
  region size 1024K, 9 young (9216K), 9 survivors (9216K)
 Metaspace       used 106012K, committed 106752K, reserved 1179648K
  class space    used 14467K, committed 14848K, reserved 1048576K
}
Event: 23.078 GC heap before
{Heap before GC invocations=43 (full 0):
 garbage-first heap   total 280576K, used 177458K [0x0000000080000000, 0x0000000100000000)
  region size 1024K, 54 young (55296K), 9 survivors (9216K)
 Metaspace       used 106543K, committed 107264K, reserved 1179648K
  class space    used 14528K, committed 14912K, reserved 1048576K
}
Event: 23.095 GC heap after
{Heap after GC invocations=44 (full 0):
 garbage-first heap   total 280576K, used 139523K [0x0000000080000000, 0x0000000100000000)
  region size 1024K, 7 young (7168K), 7 survivors (7168K)
 Metaspace       used 106543K, committed 107264K, reserved 1179648K
  class space    used 14528K, committed 14912K, reserved 1048576K
}
Event: 24.006 GC heap before
{Heap before GC invocations=45 (full 0):
 garbage-first heap   total 314368K, used 293123K [0x0000000080000000, 0x0000000100000000)
  region size 1024K, 90 young (92160K), 7 survivors (7168K)
 Metaspace       used 110433K, committed 111104K, reserved 1179648K
  class space    used 15077K, committed 15424K, reserved 1048576K
}
Event: 24.024 GC heap after
{Heap after GC invocations=46 (full 0):
 garbage-first heap   total 316416K, used 198591K [0x0000000080000000, 0x0000000100000000)
  region size 1024K, 12 young (12288K), 12 survivors (12288K)
 Metaspace       used 110433K, committed 111104K, reserved 1179648K
  class space    used 15077K, committed 15424K, reserved 1048576K
}
Event: 24.029 GC heap before
{Heap before GC invocations=46 (full 0):
 garbage-first heap   total 316416K, used 207807K [0x0000000080000000, 0x0000000100000000)
  region size 1024K, 15 young (15360K), 12 survivors (12288K)
 Metaspace       used 110457K, committed 111232K, reserved 1179648K
  class space    used 15080K, committed 15424K, reserved 1048576K
}
Event: 24.040 GC heap after
{Heap after GC invocations=47 (full 0):
 garbage-first heap   total 316416K, used 199776K [0x0000000080000000, 0x0000000100000000)
  region size 1024K, 2 young (2048K), 2 survivors (2048K)
 Metaspace       used 110457K, committed 111232K, reserved 1179648K
  class space    used 15080K, committed 15424K, reserved 1048576K
}
Event: 24.040 GC heap before
{Heap before GC invocations=47 (full 0):
 garbage-first heap   total 316416K, used 199776K [0x0000000080000000, 0x0000000100000000)
  region size 1024K, 3 young (3072K), 2 survivors (2048K)
 Metaspace       used 110457K, committed 111232K, reserved 1179648K
  class space    used 15080K, committed 15424K, reserved 1048576K
}
Event: 24.043 GC heap after
{Heap after GC invocations=48 (full 0):
 garbage-first heap   total 316416K, used 199647K [0x0000000080000000, 0x0000000100000000)
  region size 1024K, 2 young (2048K), 2 survivors (2048K)
 Metaspace       used 110457K, committed 111232K, reserved 1179648K
  class space    used 15080K, committed 15424K, reserved 1048576K
}
Event: 25.022 GC heap before
{Heap before GC invocations=49 (full 0):
 garbage-first heap   total 423936K, used 293855K [0x0000000080000000, 0x0000000100000000)
  region size 1024K, 58 young (59392K), 2 survivors (2048K)
 Metaspace       used 110874K, committed 111616K, reserved 1179648K
  class space    used 15143K, committed 15488K, reserved 1048576K
}
Event: 25.051 GC heap after
{Heap after GC invocations=50 (full 0):
 garbage-first heap   total 423936K, used 234882K [0x0000000080000000, 0x0000000100000000)
  region size 1024K, 8 young (8192K), 8 survivors (8192K)
 Metaspace       used 110874K, committed 111616K, reserved 1179648K
  class space    used 15143K, committed 15488K, reserved 1048576K
}
Event: 25.190 GC heap before
{Heap before GC invocations=50 (full 0):
 garbage-first heap   total 423936K, used 247170K [0x0000000080000000, 0x0000000100000000)
  region size 1024K, 20 young (20480K), 8 survivors (8192K)
 Metaspace       used 110877K, committed 111616K, reserved 1179648K
  class space    used 15143K, committed 15488K, reserved 1048576K
}
Event: 25.212 GC heap after
{Heap after GC invocations=51 (full 0):
 garbage-first heap   total 423936K, used 239047K [0x0000000080000000, 0x0000000100000000)
  region size 1024K, 3 young (3072K), 3 survivors (3072K)
 Metaspace       used 110877K, committed 111616K, reserved 1179648K
  class space    used 15143K, committed 15488K, reserved 1048576K
}
Event: 26.171 GC heap before
{Heap before GC invocations=51 (full 0):
 garbage-first heap   total 423936K, used 327111K [0x0000000080000000, 0x0000000100000000)
  region size 1024K, 86 young (88064K), 3 survivors (3072K)
 Metaspace       used 111960K, committed 112704K, reserved 1179648K
  class space    used 15276K, committed 15680K, reserved 1048576K
}

