# JRE version: OpenJDK Runtime Environment (17.0.7) (build 17.0.7+0-b2043.56-10550314)
# Java VM: OpenJDK 64-Bit Server VM (17.0.7+0-b2043.56-10550314, mixed mode, tiered, compressed oops, compressed class ptrs, g1 gc, windows-amd64)
GC Precious Log:
 CPUs: 8 total, 8 available
 Memory: 16080M
 Large Page Support: Disabled
 NUMA Support: Disabled
 Compressed Oops: Enabled (32-bit)
 Heap Region Size: 1M
 Heap Min Capacity: 8M
 Heap Initial Capacity: 252M
 Heap Max Capacity: 2G
 Pre-touch: Disabled
 Parallel Workers: 8
 Concurrent Workers: 2
 Concurrent Refinement Workers: 8
 Periodic GC: Disabled
Heap:
 garbage-first heap   total 430080K, used 269983K [0x0000000080000000, 0x0000000100000000)
  region size 1024K, 11 young (11264K), 11 survivors (11264K)
 Metaspace       used 111418K, committed 112256K, reserved 1179648K
  class space    used 15229K, committed 15616K, reserved 1048576K
GC Heap History (20 events):
Event: 35.060 GC heap after
{Heap after GC invocations=31 (full 0):
 garbage-first heap   total 168960K, used 100719K [0x0000000080000000, 0x0000000100000000)
  region size 1024K, 1 young (1024K), 1 survivors (1024K)
 Metaspace       used 97973K, committed 98624K, reserved 1179648K
  class space    used 13472K, committed 13760K, reserved 1048576K
}
Event: 36.177 GC heap before
{Heap before GC invocations=31 (full 0):
 garbage-first heap   total 168960K, used 142703K [0x0000000080000000, 0x0000000100000000)
  region size 1024K, 38 young (38912K), 1 survivors (1024K)
 Metaspace       used 100913K, committed 101696K, reserved 1179648K
  class space    used 13808K, committed 14208K, reserved 1048576K
}
Event: 36.187 GC heap after
{Heap after GC invocations=32 (full 0):
 garbage-first heap   total 168960K, used 106113K [0x0000000080000000, 0x0000000100000000)
  region size 1024K, 5 young (5120K), 5 survivors (5120K)
 Metaspace       used 100913K, committed 101696K, reserved 1179648K
  class space    used 13808K, committed 14208K, reserved 1048576K
}
Event: 37.051 GC heap before
{Heap before GC invocations=32 (full 0):
 garbage-first heap   total 168960K, used 138881K [0x0000000080000000, 0x0000000100000000)
  region size 1024K, 37 young (37888K), 5 survivors (5120K)
 Metaspace       used 101635K, committed 102400K, reserved 1179648K
  class space    used 13929K, committed 14336K, reserved 1048576K
}
Event: 37.073 GC heap after
{Heap after GC invocations=33 (full 0):
 garbage-first heap   total 168960K, used 112154K [0x0000000080000000, 0x0000000100000000)
  region size 1024K, 5 young (5120K), 5 survivors (5120K)
 Metaspace       used 101635K, committed 102400K, reserved 1179648K
  class space    used 13929K, committed 14336K, reserved 1048576K
}
Event: 37.655 GC heap before
{Heap before GC invocations=33 (full 0):
 garbage-first heap   total 168960K, used 138778K [0x0000000080000000, 0x0000000100000000)
  region size 1024K, 32 young (32768K), 5 survivors (5120K)
 Metaspace       used 101774K, committed 102592K, reserved 1179648K
  class space    used 13930K, committed 14336K, reserved 1048576K
}
Event: 37.975 GC heap after
{Heap after GC invocations=34 (full 0):
 garbage-first heap   total 337920K, used 115178K [0x0000000080000000, 0x0000000100000000)
  region size 1024K, 4 young (4096K), 4 survivors (4096K)
 Metaspace       used 101774K, committed 102592K, reserved 1179648K
  class space    used 13930K, committed 14336K, reserved 1048576K
}
Event: 42.151 GC heap before
{Heap before GC invocations=34 (full 0):
 garbage-first heap   total 337920K, used 252394K [0x0000000080000000, 0x0000000100000000)
  region size 1024K, 139 young (142336K), 4 survivors (4096K)
 Metaspace       used 105449K, committed 106240K, reserved 1179648K
  class space    used 14358K, committed 14720K, reserved 1048576K
}
Event: 42.173 GC heap after
{Heap after GC invocations=35 (full 0):
 garbage-first heap   total 337920K, used 124587K [0x0000000080000000, 0x0000000100000000)
  region size 1024K, 14 young (14336K), 14 survivors (14336K)
 Metaspace       used 105449K, committed 106240K, reserved 1179648K
  class space    used 14358K, committed 14720K, reserved 1048576K
}
Event: 44.790 GC heap before
{Heap before GC invocations=35 (full 0):
 garbage-first heap   total 337920K, used 296619K [0x0000000080000000, 0x0000000100000000)
  region size 1024K, 144 young (147456K), 14 survivors (14336K)
 Metaspace       used 110652K, committed 111424K, reserved 1179648K
  class space    used 15101K, committed 15488K, reserved 1048576K
}
Event: 44.825 GC heap after
{Heap after GC invocations=36 (full 0):
 garbage-first heap   total 337920K, used 175245K [0x0000000080000000, 0x0000000100000000)
  region size 1024K, 16 young (16384K), 16 survivors (16384K)
 Metaspace       used 110652K, committed 111424K, reserved 1179648K
  class space    used 15101K, committed 15488K, reserved 1048576K
}
Event: 44.928 GC heap before
{Heap before GC invocations=36 (full 0):
 garbage-first heap   total 337920K, used 229517K [0x0000000080000000, 0x0000000100000000)
  region size 1024K, 31 young (31744K), 16 survivors (16384K)
 Metaspace       used 110887K, committed 111680K, reserved 1179648K
  class space    used 15142K, committed 15552K, reserved 1048576K
}
Event: 44.942 GC heap after
{Heap after GC invocations=37 (full 0):
 garbage-first heap   total 337920K, used 199961K [0x0000000080000000, 0x0000000100000000)
  region size 1024K, 6 young (6144K), 6 survivors (6144K)
 Metaspace       used 110887K, committed 111680K, reserved 1179648K
  class space    used 15142K, committed 15552K, reserved 1048576K
}
Event: 44.947 GC heap before
{Heap before GC invocations=37 (full 0):
 garbage-first heap   total 337920K, used 202009K [0x0000000080000000, 0x0000000100000000)
  region size 1024K, 7 young (7168K), 6 survivors (6144K)
 Metaspace       used 110887K, committed 111680K, reserved 1179648K
  class space    used 15142K, committed 15552K, reserved 1048576K
}
Event: 44.952 GC heap after
{Heap after GC invocations=38 (full 0):
 garbage-first heap   total 337920K, used 198821K [0x0000000080000000, 0x0000000100000000)
  region size 1024K, 6 young (6144K), 6 survivors (6144K)
 Metaspace       used 110887K, committed 111680K, reserved 1179648K
  class space    used 15142K, committed 15552K, reserved 1048576K
}
Event: 46.076 GC heap before
{Heap before GC invocations=39 (full 0):
 garbage-first heap   total 430080K, used 293029K [0x0000000080000000, 0x0000000100000000)
  region size 1024K, 57 young (58368K), 6 survivors (6144K)
 Metaspace       used 111170K, committed 112064K, reserved 1179648K
  class space    used 15189K, committed 15616K, reserved 1048576K
}
Event: 46.113 GC heap after
{Heap after GC invocations=40 (full 0):
 garbage-first heap   total 430080K, used 233325K [0x0000000080000000, 0x0000000100000000)
  region size 1024K, 8 young (8192K), 8 survivors (8192K)
 Metaspace       used 111170K, committed 112064K, reserved 1179648K
  class space    used 15189K, committed 15616K, reserved 1048576K
}
Event: 46.415 GC heap before
{Heap before GC invocations=40 (full 0):
 garbage-first heap   total 430080K, used 246637K [0x0000000080000000, 0x0000000100000000)
  region size 1024K, 21 young (21504K), 8 survivors (8192K)
 Metaspace       used 111248K, committed 112064K, reserved 1179648K
  class space    used 15200K, committed 15616K, reserved 1048576K
}
Event: 46.436 GC heap after
{Heap after GC invocations=41 (full 0):
 garbage-first heap   total 430080K, used 237568K [0x0000000080000000, 0x0000000100000000)
  region size 1024K, 3 young (3072K), 3 survivors (3072K)
 Metaspace       used 111248K, committed 112064K, reserved 1179648K
  class space    used 15200K, committed 15616K, reserved 1048576K
}
Event: 48.076 GC heap before
{Heap before GC invocations=41 (full 0):
 garbage-first heap   total 430080K, used 322560K [0x0000000080000000, 0x0000000100000000)
  region size 1024K, 82 young (83968K), 3 survivors (3072K)
 Metaspace       used 111418K, committed 112256K, reserved 1179648K
  class space    used 15229K, committed 15616K, reserved 1048576K
}

