# JRE version: OpenJDK Runtime Environment (17.0.7) (build 17.0.7+0-b2043.56-10550314)
# Java VM: OpenJDK 64-Bit Server VM (17.0.7+0-b2043.56-10550314, mixed mode, tiered, compressed oops, compressed class ptrs, g1 gc, windows-amd64)
GC Precious Log:
 CPUs: 8 total, 8 available
 Memory: 16080M
 Large Page Support: Disabled
 NUMA Support: Disabled
 Compressed Oops: Enabled (32-bit)
 Heap Region Size: 1M
 Heap Min Capacity: 8M
 Heap Initial Capacity: 252M
 Heap Max Capacity: 2G
 Pre-touch: Disabled
 Parallel Workers: 8
 Concurrent Workers: 2
 Concurrent Refinement Workers: 8
 Periodic GC: Disabled
Heap:
 garbage-first heap   total 401408K, used 243300K [0x0000000080000000, 0x0000000100000000)
  region size 1024K, 3 young (3072K), 3 survivors (3072K)
 Metaspace       used 111914K, committed 112640K, reserved 1179648K
  class space    used 15383K, committed 15744K, reserved 1048576K
GC Heap History (20 events):
Event: 13.347 GC heap after
{Heap after GC invocations=36 (full 0):
 garbage-first heap   total 287744K, used 91811K [0x0000000080000000, 0x0000000100000000)
  region size 1024K, 5 young (5120K), 5 survivors (5120K)
 Metaspace       used 95745K, committed 96448K, reserved 1179648K
  class space    used 13191K, committed 13504K, reserved 1048576K
}
Event: 15.741 GC heap before
{Heap before GC invocations=36 (full 0):
 garbage-first heap   total 287744K, used 238243K [0x0000000080000000, 0x0000000100000000)
  region size 1024K, 144 young (147456K), 5 survivors (5120K)
 Metaspace       used 101556K, committed 102336K, reserved 1179648K
  class space    used 13952K, committed 14336K, reserved 1048576K
}
Event: 15.776 GC heap after
{Heap after GC invocations=37 (full 0):
 garbage-first heap   total 287744K, used 110150K [0x0000000080000000, 0x0000000100000000)
  region size 1024K, 18 young (18432K), 18 survivors (18432K)
 Metaspace       used 101556K, committed 102336K, reserved 1179648K
  class space    used 13952K, committed 14336K, reserved 1048576K
}
Event: 17.667 GC heap before
{Heap before GC invocations=37 (full 0):
 garbage-first heap   total 287744K, used 208454K [0x0000000080000000, 0x0000000100000000)
  region size 1024K, 115 young (117760K), 18 survivors (18432K)
 Metaspace       used 102451K, committed 103232K, reserved 1179648K
  class space    used 14010K, committed 14400K, reserved 1048576K
}
Event: 17.700 GC heap after
{Heap after GC invocations=38 (full 0):
 garbage-first heap   total 287744K, used 118784K [0x0000000080000000, 0x0000000100000000)
  region size 1024K, 9 young (9216K), 9 survivors (9216K)
 Metaspace       used 102451K, committed 103232K, reserved 1179648K
  class space    used 14010K, committed 14400K, reserved 1048576K
}
Event: 19.294 GC heap before
{Heap before GC invocations=38 (full 0):
 garbage-first heap   total 287744K, used 218112K [0x0000000080000000, 0x0000000100000000)
  region size 1024K, 107 young (109568K), 9 survivors (9216K)
 Metaspace       used 103639K, committed 104448K, reserved 1179648K
  class space    used 14183K, committed 14592K, reserved 1048576K
}
Event: 19.316 GC heap after
{Heap after GC invocations=39 (full 0):
 garbage-first heap   total 287744K, used 125170K [0x0000000080000000, 0x0000000100000000)
  region size 1024K, 9 young (9216K), 9 survivors (9216K)
 Metaspace       used 103639K, committed 104448K, reserved 1179648K
  class space    used 14183K, committed 14592K, reserved 1048576K
}
Event: 20.775 GC heap before
{Heap before GC invocations=39 (full 0):
 garbage-first heap   total 287744K, used 246002K [0x0000000080000000, 0x0000000100000000)
  region size 1024K, 95 young (97280K), 9 survivors (9216K)
 Metaspace       used 104986K, committed 105728K, reserved 1179648K
  class space    used 14341K, committed 14720K, reserved 1048576K
}
Event: 20.806 GC heap after
{Heap after GC invocations=40 (full 0):
 garbage-first heap   total 287744K, used 175067K [0x0000000080000000, 0x0000000100000000)
  region size 1024K, 14 young (14336K), 14 survivors (14336K)
 Metaspace       used 104986K, committed 105728K, reserved 1179648K
  class space    used 14341K, committed 14720K, reserved 1048576K
}
Event: 21.910 GC heap before
{Heap before GC invocations=41 (full 0):
 garbage-first heap   total 302080K, used 269275K [0x0000000080000000, 0x0000000100000000)
  region size 1024K, 70 young (71680K), 14 survivors (14336K)
 Metaspace       used 108477K, committed 109248K, reserved 1179648K
  class space    used 14865K, committed 15232K, reserved 1048576K
}
Event: 21.927 GC heap after
{Heap after GC invocations=42 (full 0):
 garbage-first heap   total 302080K, used 199470K [0x0000000080000000, 0x0000000100000000)
  region size 1024K, 9 young (9216K), 9 survivors (9216K)
 Metaspace       used 108477K, committed 109248K, reserved 1179648K
  class space    used 14865K, committed 15232K, reserved 1048576K
}
Event: 21.940 GC heap before
{Heap before GC invocations=42 (full 0):
 garbage-first heap   total 302080K, used 218926K [0x0000000080000000, 0x0000000100000000)
  region size 1024K, 14 young (14336K), 9 survivors (9216K)
 Metaspace       used 108503K, committed 109248K, reserved 1179648K
  class space    used 14868K, committed 15232K, reserved 1048576K
}
Event: 21.949 GC heap after
{Heap after GC invocations=43 (full 0):
 garbage-first heap   total 302080K, used 206006K [0x0000000080000000, 0x0000000100000000)
  region size 1024K, 2 young (2048K), 2 survivors (2048K)
 Metaspace       used 108503K, committed 109248K, reserved 1179648K
  class space    used 14868K, committed 15232K, reserved 1048576K
}
Event: 22.440 GC heap before
{Heap before GC invocations=43 (full 0):
 garbage-first heap   total 302080K, used 286902K [0x0000000080000000, 0x0000000100000000)
  region size 1024K, 46 young (47104K), 2 survivors (2048K)
 Metaspace       used 110175K, committed 110912K, reserved 1179648K
  class space    used 15107K, committed 15488K, reserved 1048576K
}
Event: 22.461 GC heap after
{Heap after GC invocations=44 (full 0):
 garbage-first heap   total 302080K, used 230061K [0x0000000080000000, 0x0000000100000000)
  region size 1024K, 6 young (6144K), 6 survivors (6144K)
 Metaspace       used 110175K, committed 110912K, reserved 1179648K
  class space    used 15107K, committed 15488K, reserved 1048576K
}
Event: 22.840 GC heap before
{Heap before GC invocations=44 (full 0):
 garbage-first heap   total 302080K, used 254637K [0x0000000080000000, 0x0000000100000000)
  region size 1024K, 31 young (31744K), 6 survivors (6144K)
 Metaspace       used 111003K, committed 111744K, reserved 1179648K
  class space    used 15245K, committed 15616K, reserved 1048576K
}
Event: 22.865 GC heap after
{Heap after GC invocations=45 (full 0):
 garbage-first heap   total 302080K, used 236997K [0x0000000080000000, 0x0000000100000000)
  region size 1024K, 4 young (4096K), 4 survivors (4096K)
 Metaspace       used 111003K, committed 111744K, reserved 1179648K
  class space    used 15245K, committed 15616K, reserved 1048576K
}
Event: 23.170 GC heap before
{Heap before GC invocations=46 (full 0):
 garbage-first heap   total 401408K, used 252357K [0x0000000080000000, 0x0000000100000000)
  region size 1024K, 20 young (20480K), 4 survivors (4096K)
 Metaspace       used 111555K, committed 112320K, reserved 1179648K
  class space    used 15345K, committed 15744K, reserved 1048576K
}
Event: 23.190 GC heap after
{Heap after GC invocations=47 (full 0):
 garbage-first heap   total 401408K, used 241566K [0x0000000080000000, 0x0000000100000000)
  region size 1024K, 3 young (3072K), 3 survivors (3072K)
 Metaspace       used 111555K, committed 112320K, reserved 1179648K
  class space    used 15345K, committed 15744K, reserved 1048576K
}
Event: 23.287 GC heap before
{Heap before GC invocations=47 (full 0):
 garbage-first heap   total 401408K, used 256926K [0x0000000080000000, 0x0000000100000000)
  region size 1024K, 19 young (19456K), 3 survivors (3072K)
 Metaspace       used 111914K, committed 112640K, reserved 1179648K
  class space    used 15383K, committed 15744K, reserved 1048576K
}

