# JRE version: OpenJDK Runtime Environment (17.0.7) (build 17.0.7+0-b2043.56-10550314)
# Java VM: OpenJDK 64-Bit Server VM (17.0.7+0-b2043.56-10550314, mixed mode, tiered, compressed oops, compressed class ptrs, g1 gc, windows-amd64)
GC Precious Log:
 CPUs: 8 total, 8 available
 Memory: 16080M
 Large Page Support: Disabled
 NUMA Support: Disabled
 Compressed Oops: Enabled (32-bit)
 Heap Region Size: 1M
 Heap Min Capacity: 8M
 Heap Initial Capacity: 252M
 Heap Max Capacity: 2G
 Pre-touch: Disabled
 Parallel Workers: 8
 Concurrent Workers: 2
 Concurrent Refinement Workers: 8
 Periodic GC: Disabled
Heap:
 garbage-first heap   total 442368K, used 185733K [0x0000000080000000, 0x0000000100000000)
  region size 1024K, 2 young (2048K), 2 survivors (2048K)
 Metaspace       used 147276K, committed 149312K, reserved 1179648K
  class space    used 19844K, committed 20800K, reserved 1048576K
GC Heap History (20 events):
Event: 5246.365 GC heap after
{Heap after GC invocations=92 (full 0):
 garbage-first heap   total 442368K, used 181291K [0x0000000080000000, 0x0000000100000000)
  region size 1024K, 2 young (2048K), 2 survivors (2048K)
 Metaspace       used 145037K, committed 146624K, reserved 1179648K
  class space    used 19495K, committed 20288K, reserved 1048576K
}
Event: 5246.504 GC heap before
{Heap before GC invocations=92 (full 0):
 garbage-first heap   total 442368K, used 220203K [0x0000000080000000, 0x0000000100000000)
  region size 1024K, 42 young (43008K), 2 survivors (2048K)
 Metaspace       used 145091K, committed 146688K, reserved 1179648K
  class space    used 19495K, committed 20288K, reserved 1048576K
}
Event: 5246.506 GC heap after
{Heap after GC invocations=93 (full 0):
 garbage-first heap   total 442368K, used 180396K [0x0000000080000000, 0x0000000100000000)
  region size 1024K, 2 young (2048K), 2 survivors (2048K)
 Metaspace       used 145091K, committed 146688K, reserved 1179648K
  class space    used 19495K, committed 20288K, reserved 1048576K
}
Event: 5523.240 GC heap before
{Heap before GC invocations=94 (full 0):
 garbage-first heap   total 442368K, used 385196K [0x0000000080000000, 0x0000000100000000)
  region size 1024K, 175 young (179200K), 2 survivors (2048K)
 Metaspace       used 145251K, committed 146880K, reserved 1179648K
  class space    used 19495K, committed 20288K, reserved 1048576K
}
Event: 5523.250 GC heap after
{Heap after GC invocations=95 (full 0):
 garbage-first heap   total 442368K, used 194961K [0x0000000080000000, 0x0000000100000000)
  region size 1024K, 16 young (16384K), 16 survivors (16384K)
 Metaspace       used 145251K, committed 146880K, reserved 1179648K
  class space    used 19495K, committed 20288K, reserved 1048576K
}
Event: 5523.276 GC heap before
{Heap before GC invocations=95 (full 0):
 garbage-first heap   total 442368K, used 199057K [0x0000000080000000, 0x0000000100000000)
  region size 1024K, 21 young (21504K), 16 survivors (16384K)
 Metaspace       used 145254K, committed 146880K, reserved 1179648K
  class space    used 19495K, committed 20288K, reserved 1048576K
}
Event: 5523.292 GC heap after
{Heap after GC invocations=96 (full 0):
 garbage-first heap   total 442368K, used 183165K [0x0000000080000000, 0x0000000100000000)
  region size 1024K, 2 young (2048K), 2 survivors (2048K)
 Metaspace       used 145254K, committed 146880K, reserved 1179648K
  class space    used 19495K, committed 20288K, reserved 1048576K
}
Event: 5523.362 GC heap before
{Heap before GC invocations=96 (full 0):
 garbage-first heap   total 442368K, used 200573K [0x0000000080000000, 0x0000000100000000)
  region size 1024K, 20 young (20480K), 2 survivors (2048K)
 Metaspace       used 145269K, committed 146880K, reserved 1179648K
  class space    used 19495K, committed 20288K, reserved 1048576K
}
Event: 5523.364 GC heap after
{Heap after GC invocations=97 (full 0):
 garbage-first heap   total 442368K, used 181824K [0x0000000080000000, 0x0000000100000000)
  region size 1024K, 1 young (1024K), 1 survivors (1024K)
 Metaspace       used 145269K, committed 146880K, reserved 1179648K
  class space    used 19495K, committed 20288K, reserved 1048576K
}
Event: 5839.209 GC heap before
{Heap before GC invocations=98 (full 0):
 garbage-first heap   total 442368K, used 393792K [0x0000000080000000, 0x0000000100000000)
  region size 1024K, 181 young (185344K), 1 survivors (1024K)
 Metaspace       used 146451K, committed 148288K, reserved 1179648K
  class space    used 19728K, committed 20608K, reserved 1048576K
}
Event: 5839.213 GC heap after
{Heap after GC invocations=99 (full 0):
 garbage-first heap   total 442368K, used 185743K [0x0000000080000000, 0x0000000100000000)
  region size 1024K, 5 young (5120K), 5 survivors (5120K)
 Metaspace       used 146451K, committed 148288K, reserved 1179648K
  class space    used 19728K, committed 20608K, reserved 1048576K
}
Event: 5839.312 GC heap before
{Heap before GC invocations=99 (full 0):
 garbage-first heap   total 442368K, used 201103K [0x0000000080000000, 0x0000000100000000)
  region size 1024K, 21 young (21504K), 5 survivors (5120K)
 Metaspace       used 146630K, committed 148544K, reserved 1179648K
  class space    used 19757K, committed 20672K, reserved 1048576K
}
Event: 5839.326 GC heap after
{Heap after GC invocations=100 (full 0):
 garbage-first heap   total 442368K, used 174626K [0x0000000080000000, 0x0000000100000000)
  region size 1024K, 3 young (3072K), 3 survivors (3072K)
 Metaspace       used 146630K, committed 148544K, reserved 1179648K
  class space    used 19757K, committed 20672K, reserved 1048576K
}
Event: 5840.821 GC heap before
{Heap before GC invocations=100 (full 0):
 garbage-first heap   total 442368K, used 290338K [0x0000000080000000, 0x0000000100000000)
  region size 1024K, 118 young (120832K), 3 survivors (3072K)
 Metaspace       used 146909K, committed 148864K, reserved 1179648K
  class space    used 19794K, committed 20736K, reserved 1048576K
}
Event: 5840.830 GC heap after
{Heap after GC invocations=101 (full 0):
 garbage-first heap   total 442368K, used 183214K [0x0000000080000000, 0x0000000100000000)
  region size 1024K, 12 young (12288K), 12 survivors (12288K)
 Metaspace       used 146909K, committed 148864K, reserved 1179648K
  class space    used 19794K, committed 20736K, reserved 1048576K
}
Event: 6080.824 GC heap before
{Heap before GC invocations=102 (full 0):
 garbage-first heap   total 442368K, used 383918K [0x0000000080000000, 0x0000000100000000)
  region size 1024K, 181 young (185344K), 12 survivors (12288K)
 Metaspace       used 147249K, committed 149248K, reserved 1179648K
  class space    used 19838K, committed 20800K, reserved 1048576K
}
Event: 6080.838 GC heap after
{Heap after GC invocations=103 (full 0):
 garbage-first heap   total 442368K, used 197537K [0x0000000080000000, 0x0000000100000000)
  region size 1024K, 23 young (23552K), 23 survivors (23552K)
 Metaspace       used 147249K, committed 149248K, reserved 1179648K
  class space    used 19838K, committed 20800K, reserved 1048576K
}
Event: 6080.842 GC heap before
{Heap before GC invocations=103 (full 0):
 garbage-first heap   total 442368K, used 198561K [0x0000000080000000, 0x0000000100000000)
  region size 1024K, 24 young (24576K), 23 survivors (23552K)
 Metaspace       used 147249K, committed 149248K, reserved 1179648K
  class space    used 19838K, committed 20800K, reserved 1048576K
}
Event: 6080.859 GC heap after
{Heap after GC invocations=104 (full 0):
 garbage-first heap   total 442368K, used 185575K [0x0000000080000000, 0x0000000100000000)
  region size 1024K, 1 young (1024K), 1 survivors (1024K)
 Metaspace       used 147249K, committed 149248K, reserved 1179648K
  class space    used 19838K, committed 20800K, reserved 1048576K
}
Event: 6080.909 GC heap before
{Heap before GC invocations=104 (full 0):
 garbage-first heap   total 442368K, used 196839K [0x0000000080000000, 0x0000000100000000)
  region size 1024K, 13 young (13312K), 1 survivors (1024K)
 Metaspace       used 147276K, committed 149312K, reserved 1179648K
  class space    used 19844K, committed 20800K, reserved 1048576K
}

