# JRE version: OpenJDK Runtime Environment (17.0.7) (build 17.0.7+0-b2043.56-10550314)
# Java VM: OpenJDK 64-Bit Server VM (17.0.7+0-b2043.56-10550314, mixed mode, tiered, compressed oops, compressed class ptrs, g1 gc, windows-amd64)
GC Precious Log:
 CPUs: 8 total, 8 available
 Memory: 16080M
 Large Page Support: Disabled
 NUMA Support: Disabled
 Compressed Oops: Enabled (32-bit)
 Heap Region Size: 1M
 Heap Min Capacity: 8M
 Heap Initial Capacity: 252M
 Heap Max Capacity: 2G
 Pre-touch: Disabled
 Parallel Workers: 8
 Concurrent Workers: 2
 Concurrent Refinement Workers: 8
 Periodic GC: Disabled
Heap:
 garbage-first heap   total 421888K, used 314368K [0x0000000080000000, 0x0000000100000000)
  region size 1024K, 7 young (7168K), 7 survivors (7168K)
 Metaspace       used 127164K, committed 128064K, reserved 1179648K
  class space    used 17014K, committed 17472K, reserved 1048576K
GC Heap History (20 events):
Event: 40.081 GC heap after
{Heap after GC invocations=44 (full 0):
 garbage-first heap   total 266240K, used 151116K [0x0000000080000000, 0x0000000100000000)
  region size 1024K, 10 young (10240K), 10 survivors (10240K)
 Metaspace       used 119148K, committed 120000K, reserved 1179648K
  class space    used 15721K, committed 16128K, reserved 1048576K
}
Event: 40.743 GC heap before
{Heap before GC invocations=44 (full 0):
 garbage-first heap   total 266240K, used 180812K [0x0000000080000000, 0x0000000100000000)
  region size 1024K, 41 young (41984K), 10 survivors (10240K)
 Metaspace       used 119638K, committed 120448K, reserved 1179648K
  class space    used 15782K, committed 16192K, reserved 1048576K
}
Event: 40.762 GC heap after
{Heap after GC invocations=45 (full 0):
 garbage-first heap   total 266240K, used 153306K [0x0000000080000000, 0x0000000100000000)
  region size 1024K, 8 young (8192K), 8 survivors (8192K)
 Metaspace       used 119638K, committed 120448K, reserved 1179648K
  class space    used 15782K, committed 16192K, reserved 1048576K
}
Event: 42.634 GC heap before
{Heap before GC invocations=46 (full 0):
 garbage-first heap   total 275456K, used 248538K [0x0000000080000000, 0x0000000100000000)
  region size 1024K, 73 young (74752K), 8 survivors (8192K)
 Metaspace       used 122553K, committed 123456K, reserved 1179648K
  class space    used 16192K, committed 16640K, reserved 1048576K
}
Event: 42.649 GC heap after
{Heap after GC invocations=47 (full 0):
 garbage-first heap   total 275456K, used 193226K [0x0000000080000000, 0x0000000100000000)
  region size 1024K, 10 young (10240K), 10 survivors (10240K)
 Metaspace       used 122553K, committed 123456K, reserved 1179648K
  class space    used 16192K, committed 16640K, reserved 1048576K
}
Event: 42.739 GC heap before
{Heap before GC invocations=47 (full 0):
 garbage-first heap   total 275456K, used 195274K [0x0000000080000000, 0x0000000100000000)
  region size 1024K, 13 young (13312K), 10 survivors (10240K)
 Metaspace       used 122981K, committed 123840K, reserved 1179648K
  class space    used 16255K, committed 16704K, reserved 1048576K
}
Event: 42.750 GC heap after
{Heap after GC invocations=48 (full 0):
 garbage-first heap   total 275456K, used 178225K [0x0000000080000000, 0x0000000100000000)
  region size 1024K, 1 young (1024K), 1 survivors (1024K)
 Metaspace       used 122981K, committed 123840K, reserved 1179648K
  class space    used 16255K, committed 16704K, reserved 1048576K
}
Event: 43.048 GC heap before
{Heap before GC invocations=48 (full 0):
 garbage-first heap   total 275456K, used 267313K [0x0000000080000000, 0x0000000100000000)
  region size 1024K, 28 young (28672K), 1 survivors (1024K)
 Metaspace       used 123849K, committed 124800K, reserved 1179648K
  class space    used 16373K, committed 16832K, reserved 1048576K
}
Event: 43.054 GC heap after
{Heap after GC invocations=49 (full 0):
 garbage-first heap   total 278528K, used 211964K [0x0000000080000000, 0x0000000100000000)
  region size 1024K, 7 young (7168K), 7 survivors (7168K)
 Metaspace       used 123849K, committed 124800K, reserved 1179648K
  class space    used 16373K, committed 16832K, reserved 1048576K
}
Event: 43.058 GC heap before
{Heap before GC invocations=49 (full 0):
 garbage-first heap   total 278528K, used 216060K [0x0000000080000000, 0x0000000100000000)
  region size 1024K, 9 young (9216K), 7 survivors (7168K)
 Metaspace       used 123849K, committed 124800K, reserved 1179648K
  class space    used 16373K, committed 16832K, reserved 1048576K
}
Event: 43.062 GC heap after
{Heap after GC invocations=50 (full 0):
 garbage-first heap   total 278528K, used 213366K [0x0000000080000000, 0x0000000100000000)
  region size 1024K, 1 young (1024K), 1 survivors (1024K)
 Metaspace       used 123849K, committed 124800K, reserved 1179648K
  class space    used 16373K, committed 16832K, reserved 1048576K
}
Event: 43.449 GC heap before
{Heap before GC invocations=50 (full 0):
 garbage-first heap   total 421888K, used 254326K [0x0000000080000000, 0x0000000100000000)
  region size 1024K, 20 young (20480K), 1 survivors (1024K)
 Metaspace       used 124200K, committed 125120K, reserved 1179648K
  class space    used 16426K, committed 16896K, reserved 1048576K
}
Event: 43.460 GC heap after
{Heap after GC invocations=51 (full 0):
 garbage-first heap   total 421888K, used 227979K [0x0000000080000000, 0x0000000100000000)
  region size 1024K, 3 young (3072K), 3 survivors (3072K)
 Metaspace       used 124200K, committed 125120K, reserved 1179648K
  class space    used 16426K, committed 16896K, reserved 1048576K
}
Event: 45.565 GC heap before
{Heap before GC invocations=52 (full 0):
 garbage-first heap   total 421888K, used 321163K [0x0000000080000000, 0x0000000100000000)
  region size 1024K, 89 young (91136K), 3 survivors (3072K)
 Metaspace       used 124218K, committed 125120K, reserved 1179648K
  class space    used 16427K, committed 16896K, reserved 1048576K
}
Event: 45.620 GC heap after
{Heap after GC invocations=53 (full 0):
 garbage-first heap   total 421888K, used 266233K [0x0000000080000000, 0x0000000100000000)
  region size 1024K, 12 young (12288K), 12 survivors (12288K)
 Metaspace       used 124218K, committed 125120K, reserved 1179648K
  class space    used 16427K, committed 16896K, reserved 1048576K
}
Event: 45.771 GC heap before
{Heap before GC invocations=53 (full 0):
 garbage-first heap   total 421888K, used 274425K [0x0000000080000000, 0x0000000100000000)
  region size 1024K, 20 young (20480K), 12 survivors (12288K)
 Metaspace       used 124218K, committed 125120K, reserved 1179648K
  class space    used 16427K, committed 16896K, reserved 1048576K
}
Event: 45.807 GC heap after
{Heap after GC invocations=54 (full 0):
 garbage-first heap   total 421888K, used 267264K [0x0000000080000000, 0x0000000100000000)
  region size 1024K, 3 young (3072K), 3 survivors (3072K)
 Metaspace       used 124218K, committed 125120K, reserved 1179648K
  class space    used 16427K, committed 16896K, reserved 1048576K
}
Event: 46.779 GC heap before
{Heap before GC invocations=54 (full 0):
 garbage-first heap   total 421888K, used 328704K [0x0000000080000000, 0x0000000100000000)
  region size 1024K, 63 young (64512K), 3 survivors (3072K)
 Metaspace       used 126947K, committed 127808K, reserved 1179648K
  class space    used 16999K, committed 17408K, reserved 1048576K
}
Event: 46.825 GC heap after
{Heap after GC invocations=55 (full 0):
 garbage-first heap   total 421888K, used 289500K [0x0000000080000000, 0x0000000100000000)
  region size 1024K, 8 young (8192K), 8 survivors (8192K)
 Metaspace       used 126947K, committed 127808K, reserved 1179648K
  class space    used 16999K, committed 17408K, reserved 1048576K
}
Event: 47.381 GC heap before
{Heap before GC invocations=55 (full 0):
 garbage-first heap   total 421888K, used 337628K [0x0000000080000000, 0x0000000100000000)
  region size 1024K, 55 young (56320K), 8 survivors (8192K)
 Metaspace       used 127164K, committed 128064K, reserved 1179648K
  class space    used 17014K, committed 17472K, reserved 1048576K
}

